MARS 4.5  Copyright 2003-2014 Pete Sanderson and Kenneth Vollmar

1
2
3
4
5
114
228
456
912
1824
3648
7296
14592
29184
58368
116736
233472
466944
933888
1867776
3735552
7471104
14942208
29884416
59768832
119537664
239075328
478150656
956301312
1912602624
-469762048
-939524096
-1879048192
536870912
1073741824
-2147483648
0
0
0
0
0
0
0
0
0
0
0
0
0
0
0
0
0
0
0
0
0
0
0
0
0
0
0
0
0
0
0
0
0
0
0
0
0
0
0
0
0
0
0
0
0
0
0
0
0
0
0
0
0
0
0
0
0
0
0
0
0
0
0
0
0
0
0
0
0
0
0
0
0
0
0
5
hihihi:530
test:      0
2
hihihi:527
test:      0
1
hihihi:526
test:      0
0
hihihi:525
test:      0
58743
29197
122
-5166
771
c: a
d: 1933
2279
z
-746
98
Hello World
-9090
HEllo\twho are u?
0
a:0

b:0
ooo[b]:0
b:0
0

ooo[0]0
ooo[1]0
ooo[2]0
ooo[3]0
ooo[4]0

