MARS 4.5  Copyright 2003-2014 Pete Sanderson and Kenneth Vollmar

start:0
length:100
start:0
length:50
start:0
length:25
start:0
length:12
start:0
length:6
start:0
length:3
start:0
length:1
start:1
length:2
s1:0
l1:1
s2:1
l2:2
start:3
length:3
start:3
length:1
start:4
length:2
s1:3
l1:1
s2:4
l2:2
s1:0
l1:3
s2:3
l2:3
start:6
length:6
start:6
length:3
start:6
length:1
start:7
length:2
s1:6
l1:1
s2:7
l2:2
start:9
length:3
start:9
length:1
start:10
length:2
s1:9
l1:1
s2:10
l2:2
s1:6
l1:3
s2:9
l2:3
s1:0
l1:6
s2:6
l2:6
start:12
length:13
start:12
length:6
start:12
length:3
start:12
length:1
start:13
length:2
s1:12
l1:1
s2:13
l2:2
start:15
length:3
start:15
length:1
start:16
length:2
s1:15
l1:1
s2:16
l2:2
s1:12
l1:3
s2:15
l2:3
start:18
length:7
start:18
length:3
start:18
length:1
start:19
length:2
s1:18
l1:1
s2:19
l2:2
start:21
length:4
start:21
length:2
start:23
length:2
s1:21
l1:2
s2:23
l2:2
s1:18
l1:3
s2:21
l2:4
s1:12
l1:6
s2:18
l2:7
s1:0
l1:12
s2:12
l2:13
start:25
length:25
start:25
length:12
start:25
length:6
start:25
length:3
start:25
length:1
start:26
length:2
s1:25
l1:1
s2:26
l2:2
start:28
length:3
start:28
length:1
start:29
length:2
s1:28
l1:1
s2:29
l2:2
s1:25
l1:3
s2:28
l2:3
start:31
length:6
start:31
length:3
start:31
length:1
start:32
length:2
s1:31
l1:1
s2:32
l2:2
start:34
length:3
start:34
length:1
start:35
length:2
s1:34
l1:1
s2:35
l2:2
s1:31
l1:3
s2:34
l2:3
s1:25
l1:6
s2:31
l2:6
start:37
length:13
start:37
length:6
start:37
length:3
start:37
length:1
start:38
length:2
s1:37
l1:1
s2:38
l2:2
start:40
length:3
start:40
length:1
start:41
length:2
s1:40
l1:1
s2:41
l2:2
s1:37
l1:3
s2:40
l2:3
start:43
length:7
start:43
length:3
start:43
length:1
start:44
length:2
s1:43
l1:1
s2:44
l2:2
start:46
length:4
start:46
length:2
start:48
length:2
s1:46
l1:2
s2:48
l2:2
s1:43
l1:3
s2:46
l2:4
s1:37
l1:6
s2:43
l2:7
s1:25
l1:12
s2:37
l2:13
s1:0
l1:25
s2:25
l2:25
start:50
length:50
start:50
length:25
start:50
length:12
start:50
length:6
start:50
length:3
start:50
length:1
start:51
length:2
s1:50
l1:1
s2:51
l2:2
start:53
length:3
start:53
length:1
start:54
length:2
s1:53
l1:1
s2:54
l2:2
s1:50
l1:3
s2:53
l2:3
start:56
length:6
start:56
length:3
start:56
length:1
start:57
length:2
s1:56
l1:1
s2:57
l2:2
start:59
length:3
start:59
length:1
start:60
length:2
s1:59
l1:1
s2:60
l2:2
s1:56
l1:3
s2:59
l2:3
s1:50
l1:6
s2:56
l2:6
start:62
length:13
start:62
length:6
start:62
length:3
start:62
length:1
start:63
length:2
s1:62
l1:1
s2:63
l2:2
start:65
length:3
start:65
length:1
start:66
length:2
s1:65
l1:1
s2:66
l2:2
s1:62
l1:3
s2:65
l2:3
start:68
length:7
start:68
length:3
start:68
length:1
start:69
length:2
s1:68
l1:1
s2:69
l2:2
start:71
length:4
start:71
length:2
start:73
length:2
s1:71
l1:2
s2:73
l2:2
s1:68
l1:3
s2:71
l2:4
s1:62
l1:6
s2:68
l2:7
s1:50
l1:12
s2:62
l2:13
start:75
length:25
start:75
length:12
start:75
length:6
start:75
length:3
start:75
length:1
start:76
length:2
s1:75
l1:1
s2:76
l2:2
start:78
length:3
start:78
length:1
start:79
length:2
s1:78
l1:1
s2:79
l2:2
s1:75
l1:3
s2:78
l2:3
start:81
length:6
start:81
length:3
start:81
length:1
start:82
length:2
s1:81
l1:1
s2:82
l2:2
start:84
length:3
start:84
length:1
start:85
length:2
s1:84
l1:1
s2:85
l2:2
s1:81
l1:3
s2:84
l2:3
s1:75
l1:6
s2:81
l2:6
start:87
length:13
start:87
length:6
start:87
length:3
start:87
length:1
start:88
length:2
s1:87
l1:1
s2:88
l2:2
start:90
length:3
start:90
length:1
start:91
length:2
s1:90
l1:1
s2:91
l2:2
s1:87
l1:3
s2:90
l2:3
start:93
length:7
start:93
length:3
start:93
length:1
start:94
length:2
s1:93
l1:1
s2:94
l2:2
start:96
length:4
start:96
length:2
start:98
length:2
s1:96
l1:2
s2:98
l2:2
s1:93
l1:3
s2:96
l2:4
s1:87
l1:6
s2:93
l2:7
s1:75
l1:12
s2:87
l2:13
s1:50
l1:25
s2:75
l2:25
s1:0
l1:50
s2:50
l2:50
-1829212702
-1808922177
-1722228467
-1565839085
-1540627457
-1356253859
-1316290968
-1293890462
-1126064183
-1123030912
-1107284011
-1094527580
-1075022708
-1039144441
-970694557
-967054341
-887090351
-856255823
-762079757
-694038852
-670149608
-647076291
-646258081
-637232325
-632263045
-582703511
-559060565
-548648780
-502611032
-490122052
-485617552
-481349807
-449404408
-446745959
-446471463
-444402143
-433312950
-428937743
-399955390
-330026827
-270330946
-250593240
-238133479
-211662985
-170269495
-162795286
-101221584
-72326810
-61140781
-44172356
-31363419
44229959
47543322
92816720
117777387
138065918
195995040
216238214
266528608
290494455
305603422
315346188
325861832
345916842
347390391
368835336
372668105
374207892
377175743
408133080
410399194
414720781
416649418
544176914
619494638
635138515
678376627
718231990
718261050
723867963
748791559
751477012
776241157
854646242
868406047
887630899
906375532
928250421
1022443897
1034997706
1039056190
1070707071
1087024323
1106246043
1212218845
1267515485
1330886742
1460277259
1467263577
1671579510

