MARS 4.5  Copyright 2003-2014 Pete Sanderson and Kenneth Vollmar

************************************************
Start testing recursion:
take
1
from
a
to
b
take
2
from
a
to
c
take
1
from
b
to
c
take
3
from
a
to
b
take
1
from
c
to
a
take
2
from
c
to
b
take
1
from
a
to
b
take
4
from
a
to
c
take
1
from
b
to
c
take
2
from
b
to
a
take
1
from
c
to
a
take
3
from
b
to
c
take
1
from
a
to
b
take
2
from
a
to
c
take
1
from
b
to
c
************************************************
Start testing global:
12345679
0
0
-12345679
9
_
+
*
12345679
-12345679
9
*
0
1
1
2
3
1
1
2
6
2
a
A
z
Z
_
+
-
*
/
6
************************************************
Start testing return:
22
a
b
c
_
************************************************
Start testing I/O:
!@\n#$^&*()Qqaa123[];',./
-9090
*
!@\n#$^&*()Qqaa123[];',./9876
/
!@\n#$^&*()Qqaa123[];',./z
-321123
************************************************
Start testing assign & exp:
arguments of int_temp_3:
int_array[const_int_3]:1
const_int_2:-1
const_int_4:-12345679
testReturnInt(0)1
const_int_2 * const_int_4 + testReturnInt(0) * const_int_4:0
int_array[const_int_1 - (const_int_2 * const_int_4 + testReturnInt(0) * const_int_4)]:3
int_temp_1:1
int_temp_2:40320
int_temp_3:-2
1
3
a
_
a
_
903264
************************************************
Start testing if & while:
+
-
+
-
+
/
*
/
*
/
************************************************
Start testing switch:
a
1
b
3
_
************************************************
Start testing parameter:
INPUT of func_ret_int_1:
12345679
-12345679
A
Z
OPERATE of func_ret_int_1:
-12345679
12345679
Z
A
-12345679
************************************************

