MARS 4.5  Copyright 2003-2014 Pete Sanderson and Kenneth Vollmar

input cal != 0, cal = 663
cal value should <= 13
---- ---- ---- test for (0->17)
i = 0
i = 3
i = 6
i = 9
i = 12
i = 15
end i = 18
---- ---- ---- test for (15->-5)
i = 15
i = 14
i = 13
i = 12
i = 11
i = 10
i = 9
i = 8
i = 7
i = 6
i = 5
i = 4
i = 3
i = 2
i = 1
i = 0
i = -1
i = -2
i = -3
i = -4
i = -5
end i = -6
---- ---- ---- test call func
fibic val = 233
abs(-7) = 7
---- ---- ---- test while (0 -> 6)
cal = 0
cal = 1
cal = 2
cal = 3
cal = 4
cal = 5
cal = 6
---- ---- ---- test do while (-17->3)
cal = -17
cal = -16
cal = -15
cal = -14
cal = -13
cal = -12
cal = -11
cal = -10
cal = -9
cal = -8
cal = -7
cal = -6
cal = -5
cal = -4
cal = -3
cal = -2
cal = -1
cal = 0
cal = 1
cal = 2
cal = 3
---- ---- ---- test char val
+-*/_
+
-
*
/
_
5
---- ---- ---- test func call
---------------
a = 3
b = 4
c = 5
d = 6
sum = 18
---------------
---------------
a = 2
b = 18
c = 7
d = 8
sum = 35
---------------
---------------
a = 10
b = 11
c = 12
d = 13
sum = 46
---------------
---------------
a = 1
b = 35
c = 9
d = 46
sum = 91
---------------
(expect 91)sum4=91
---------------
a = 1
b = 2
c = 3
d = 4
sum = 10
---------------
1 + 2 + 3 + 4 == 10

